2024-09-28 13:55:18,960 [INFO] start prediction...
2024-09-28 13:55:18,960 [INFO] Loading production model 'model_rf_clf'...
2024-09-28 13:55:19,096 [INFO] Loading model version 3 (tagged as production).
2024-09-28 13:55:30,289 [INFO] Saving prediction in the database...
2024-09-28 14:16:40,139 [INFO] start prediction...
2024-09-28 14:16:40,140 [INFO] Loading production model 'model_rf_clf'...
2024-09-28 14:16:40,154 [INFO] Loading model version 3 (tagged as production).
2024-09-28 14:16:40,488 [INFO] Saving prediction in the database...
2024-09-28 16:11:00,701 [INFO] start prediction...
2024-09-28 16:11:00,701 [INFO] Loading production model 'model_rf_clf'...
2024-09-28 16:11:00,746 [INFO] Loading model version 3 (tagged as production).
2024-09-28 16:11:02,311 [INFO] Saving prediction in the database...
2024-09-29 11:59:59,026 [INFO] start prediction...
2024-09-29 11:59:59,042 [INFO] Loading production model 'model_rf_clf'...
2024-09-29 11:59:59,143 [INFO] Loading model version 3 (tagged as production).
2024-09-29 12:00:00,692 [INFO] Saving prediction in the database...
2024-09-29 12:00:18,546 [INFO] start prediction...
2024-09-29 12:00:18,546 [INFO] Loading production model 'model_rf_clf'...
2024-09-29 12:00:18,565 [INFO] Loading model version 3 (tagged as production).
2024-09-29 12:00:18,878 [INFO] Saving prediction in the database...
2024-09-29 12:00:42,286 [INFO] start prediction...
2024-09-29 12:00:42,286 [INFO] Loading production model 'model_rf_clf'...
2024-09-29 12:00:42,302 [INFO] Loading model version 3 (tagged as production).
2024-09-29 12:00:42,586 [INFO] Saving prediction in the database...
2024-09-29 12:54:20,725 [INFO] start prediction...
2024-09-29 12:54:20,725 [INFO] Loading production model 'model_rf_clf'...
2024-09-29 12:54:20,739 [INFO] Loading model version 3 (tagged as production).
2024-09-29 12:54:21,927 [INFO] Saving prediction in the database...
2024-09-29 12:59:13,016 [INFO] start prediction...
2024-09-29 12:59:13,017 [INFO] Loading production model 'model_rf_clf'...
2024-09-29 12:59:13,030 [INFO] Loading model version 3 (tagged as production).
2024-09-29 12:59:13,179 [INFO] Saving prediction in the database...
2024-09-29 13:27:49,897 [INFO] start prediction...
2024-09-29 13:27:49,897 [INFO] Loading production model 'model_rf_clf'...
2024-09-29 13:27:49,911 [INFO] Loading model version 3 (tagged as production).
2024-09-29 13:27:50,164 [INFO] Saving prediction in the database...
2024-09-29 13:28:15,729 [INFO] start prediction...
2024-09-29 13:28:15,729 [INFO] Loading production model 'model_rf_clf'...
2024-09-29 13:28:15,743 [INFO] Loading model version 3 (tagged as production).
2024-09-29 13:28:15,917 [INFO] Saving prediction in the database...
2024-09-29 13:30:33,005 [INFO] start prediction...
2024-09-29 13:30:33,006 [INFO] Loading production model 'model_rf_clf'...
2024-09-29 13:30:33,019 [INFO] Loading model version 3 (tagged as production).
2024-09-29 13:30:33,135 [INFO] Saving prediction in the database...
2024-09-29 13:46:32,095 [INFO] start prediction...
2024-09-29 13:46:32,095 [INFO] Loading production model 'model_rf_clf'...
2024-09-29 13:46:32,108 [INFO] Loading model version 3 (tagged as production).
2024-09-29 13:46:32,227 [INFO] Saving prediction in the database...
2024-09-29 13:46:42,488 [INFO] start prediction...
2024-09-29 13:46:42,488 [INFO] Loading production model 'model_rf_clf'...
2024-09-29 13:46:42,503 [INFO] Loading model version 3 (tagged as production).
2024-09-29 13:46:42,619 [INFO] Saving prediction in the database...
2024-09-29 13:49:11,390 [INFO] start prediction...
2024-09-29 13:49:11,391 [INFO] Loading production model 'model_rf_clf'...
2024-09-29 13:49:11,405 [INFO] Loading model version 3 (tagged as production).
2024-09-29 13:49:11,541 [INFO] Saving prediction in the database...
2024-09-29 13:49:14,373 [INFO] start prediction...
2024-09-29 13:49:14,373 [INFO] Loading production model 'model_rf_clf'...
2024-09-29 13:49:14,387 [INFO] Loading model version 3 (tagged as production).
2024-09-29 13:49:14,523 [INFO] Saving prediction in the database...
2024-10-03 17:05:35,589 [INFO] start prediction...
2024-10-03 17:05:35,613 [INFO] Loading production model 'model_rf_clf'...
2024-10-03 17:05:35,762 [ERROR] No model tagged as 'is_production=true' exists for 'model_rf_clf'.
2024-10-03 17:05:49,185 [INFO] start prediction...
2024-10-03 17:05:49,185 [INFO] Loading production model 'model_rf_clf'...
2024-10-03 17:05:49,204 [ERROR] No model tagged as 'is_production=true' exists for 'model_rf_clf'.
2024-10-03 17:06:21,504 [INFO] start prediction...
2024-10-03 17:06:21,504 [INFO] Loading production model 'model_rf_clf'...
2024-10-03 17:06:21,526 [ERROR] No model tagged as 'is_production=true' exists for 'model_rf_clf'.
2024-10-04 15:44:32,797 [INFO] start prediction...
2024-10-04 15:44:32,815 [INFO] Loading production model 'model_rf_clf'...
2024-10-04 15:44:32,978 [INFO] Loading model version 2 (tagged as production).
2024-10-04 15:44:44,784 [INFO] Saving prediction in the database...
2024-10-04 15:59:11,106 [INFO] start prediction...
2024-10-04 15:59:11,106 [INFO] Loading production model 'model_rf_clf'...
2024-10-04 15:59:11,120 [INFO] Loading model version 2 (tagged as production).
2024-10-04 15:59:11,460 [INFO] Saving prediction in the database...
2024-10-04 16:52:40,223 [INFO] start prediction...
2024-10-04 16:52:40,223 [INFO] Loading production model 'model_rf_clf'...
2024-10-04 16:52:40,268 [INFO] Loading model version 2 (tagged as production).
2024-10-04 16:52:41,997 [INFO] Saving prediction in the database...
2024-10-05 10:10:53,178 [INFO] start prediction...
2024-10-05 10:10:53,179 [INFO] Loading production model 'model_rf_clf'...
2024-10-05 10:10:53,227 [INFO] Loading model version 2 (tagged as production).
2024-10-05 10:10:55,026 [INFO] Saving prediction in the database...
2024-10-09 11:06:17,446 [INFO] start prediction...
2024-10-09 11:06:17,465 [INFO] Loading production model 'model_rf_clf'...
2024-10-09 11:06:17,575 [INFO] Loading model version 1 (tagged as production).
2024-10-09 11:06:28,751 [INFO] Saving prediction in the database...
2024-10-10 11:53:06,936 [INFO] start prediction...
2024-10-10 11:53:06,972 [INFO] Loading production model 'model_rf_clf'...
2024-10-10 11:53:07,131 [INFO] Loading model version 3 (tagged as production).
2024-10-10 11:53:23,408 [INFO] Saving prediction in the database...
2024-10-11 10:21:42,618 [INFO] start prediction...
2024-10-11 10:21:42,619 [INFO] Loading production model 'model_rf_clf'...
2024-10-11 10:21:42,744 [INFO] Loading model version 1 (tagged as production).
2024-10-11 10:21:53,863 [INFO] Saving prediction in the database...
2024-10-11 10:24:29,009 [INFO] start prediction...
2024-10-11 10:24:29,009 [INFO] Loading production model 'model_rf_clf'...
2024-10-11 10:24:29,024 [INFO] Loading model version 1 (tagged as production).
2024-10-11 10:24:29,155 [INFO] Saving prediction in the database...
2024-10-11 10:27:54,006 [INFO] start prediction...
2024-10-11 10:27:54,007 [INFO] Loading production model 'model_rf_clf'...
2024-10-11 10:27:54,020 [INFO] Loading model version 1 (tagged as production).
2024-10-11 10:27:54,147 [INFO] Saving prediction in the database...
