2024-09-28 13:52:22,999 [INFO] Loading data from the database...
2024-09-28 13:52:26,696 [INFO] Start training...
2024-09-28 13:52:56,235 [INFO] Loading production model...
2024-09-28 13:52:56,261 [INFO] Loading model version 3 (tagged as production).
2024-09-28 13:52:58,100 [INFO] Production model accuracy (version 3): 0.8855323819978046
2024-09-28 13:53:01,699 [INFO] New model URI: runs:/9893dad73a7c45eebcf8476e6f2e7feb/model_rf_clf
2024-09-28 13:53:02,424 [ERROR] New model version 10 not promoted as it underperformed compared to the current Production model.
2024-09-28 13:54:13,498 [INFO] Loading data from the database...
2024-09-28 13:54:16,025 [INFO] Start training...
2024-09-28 13:54:45,262 [INFO] Loading production model...
2024-09-28 13:54:45,285 [INFO] Loading model version 3 (tagged as production).
2024-09-28 13:54:46,876 [INFO] Production model accuracy (version 3): 0.8855323819978046
2024-09-28 13:54:50,397 [INFO] New model URI: runs:/65016e4bcbc5449ca7d2fabb8f967007/model_rf_clf
2024-09-28 13:54:50,549 [ERROR] New model version 11 not promoted as it underperformed compared to the current Production model.
2024-09-29 11:15:44,853 [INFO] Loading data from the database...
2024-09-29 11:15:47,675 [INFO] Start training...
2024-09-29 11:16:17,660 [INFO] Loading production model...
2024-09-29 11:16:17,692 [INFO] Loading model version 3 (tagged as production).
2024-09-29 11:16:19,476 [INFO] Production model accuracy (version 3): 0.8855323819978046
2024-09-29 11:16:23,468 [INFO] New model URI: runs:/a1de690e62bd4671be05008116485932/model_rf_clf
2024-09-29 11:16:23,652 [ERROR] New model version 12 not promoted as it underperformed compared to the current Production model.
2024-09-29 11:24:45,965 [INFO] Loading data from the database...
2024-09-29 11:24:48,321 [INFO] Start training...
2024-09-29 11:25:15,700 [INFO] Loading production model...
2024-09-29 11:25:15,727 [INFO] Loading model version 3 (tagged as production).
2024-09-29 11:25:17,169 [INFO] Production model accuracy (version 3): 0.8855323819978046
2024-09-29 11:25:20,705 [INFO] New model URI: runs:/34a43653e8bb42d1984dc740c2c4b1a8/model_rf_clf
2024-09-29 11:25:20,855 [ERROR] New model version 13 not promoted as it underperformed compared to the current Production model.
2024-09-29 11:37:55,191 [INFO] Loading data from the database...
2024-09-29 11:37:58,206 [INFO] Start training...
2024-09-29 11:38:28,257 [INFO] Loading production model...
2024-09-29 11:38:28,279 [INFO] Loading model version 3 (tagged as production).
2024-09-29 11:38:29,907 [INFO] Production model accuracy (version 3): 0.8855323819978046
2024-09-29 11:38:33,386 [INFO] New model URI: runs:/9855dc20f73c4bddab350b038a9c2011/model_rf_clf
2024-09-29 11:38:33,531 [ERROR] New model version 14 not promoted as it underperformed compared to the current Production model.
2024-09-29 11:42:25,495 [INFO] Loading data from the database...
2024-09-29 11:42:27,961 [INFO] Start training...
2024-09-29 11:42:55,965 [INFO] Loading production model...
2024-09-29 11:42:55,987 [INFO] Loading model version 3 (tagged as production).
2024-09-29 11:42:57,490 [INFO] Production model accuracy (version 3): 0.8855323819978046
2024-09-29 11:43:00,904 [INFO] New model URI: runs:/535bc38e7b454888a1ab4603c12ec145/model_rf_clf
2024-09-29 11:43:01,090 [ERROR] New model version 15 not promoted as it underperformed compared to the current Production model.
2024-09-29 12:52:43,286 [INFO] Loading data from the database...
2024-09-29 12:52:45,927 [INFO] Start training...
2024-09-29 12:53:16,551 [INFO] Loading production model...
2024-09-29 12:53:16,574 [INFO] Loading model version 3 (tagged as production).
2024-09-29 12:53:18,250 [INFO] Production model accuracy (version 3): 0.8855323819978046
2024-09-29 12:53:22,354 [INFO] New model URI: runs:/774089197cac4d8ea30e6fa7d56b6aa4/model_rf_clf
2024-09-29 12:53:22,516 [ERROR] New model version 16 not promoted as it underperformed compared to the current Production model.
2024-09-29 12:56:04,241 [INFO] Loading data from the database...
2024-09-29 12:56:06,944 [INFO] Start training...
2024-09-29 12:56:37,285 [INFO] Loading production model...
2024-09-29 12:56:37,312 [INFO] Loading model version 3 (tagged as production).
2024-09-29 12:56:44,966 [INFO] Production model accuracy (version 3): 0.8855323819978046
2024-09-29 12:56:48,931 [INFO] New model URI: runs:/ef796132f7e84e338c67c1261c9eb490/model_rf_clf
2024-09-29 12:56:49,157 [ERROR] New model version 17 not promoted as it underperformed compared to the current Production model.
2024-10-03 17:06:48,178 [INFO] Loading data from the database...
2024-10-03 17:06:49,061 [INFO] Start training...
2024-10-03 17:06:56,183 [INFO] Loading production model...
2024-10-03 17:06:56,224 [ERROR] No model tagged as 'is_production=true' exists for 'model_rf_clf'.
2024-10-03 17:06:56,225 [ERROR] No production model available for comparison.
2024-10-03 17:07:04,422 [INFO] New model URI: runs:/a7c92aa6ba184abd94175926050bd57a/model_rf_clf
2024-10-03 17:07:04,856 [INFO] New model version 1 promoted to Production.
2024-10-03 17:17:21,228 [INFO] Loading data from the database...
2024-10-03 17:17:24,063 [INFO] Start training...
2024-10-03 17:17:54,129 [INFO] Loading production model...
2024-10-03 17:17:54,168 [INFO] Loading model version 1 (tagged as production).
2024-10-03 17:17:55,789 [INFO] Production model accuracy (version 1): 0.514423710208562
2024-10-03 17:18:00,034 [INFO] New model URI: runs:/67ebfdf88173462dbf20b5b9fe900790/model_rf_clf
2024-10-03 17:18:00,366 [INFO] New model version 2 promoted to Production.
2024-10-03 17:19:11,299 [INFO] Loading data from the database...
2024-10-03 17:19:14,238 [INFO] Start training...
2024-10-03 17:19:44,354 [INFO] Loading production model...
2024-10-03 17:19:44,376 [INFO] Loading model version 2 (tagged as production).
2024-10-03 17:19:46,138 [INFO] Production model accuracy (version 2): 0.8855323819978046
2024-10-03 17:19:50,146 [INFO] New model URI: runs:/8ef1e07e397f4fc7bd11e6a9269255bd/model_rf_clf
2024-10-03 17:19:50,303 [ERROR] New model version 3 not promoted as it underperformed compared to the current Production model.
2024-10-03 17:22:25,104 [INFO] Loading data from the database...
2024-10-03 17:22:27,769 [INFO] Start training...
2024-10-03 17:22:58,112 [INFO] Loading production model...
2024-10-03 17:22:58,147 [INFO] Loading model version 2 (tagged as production).
2024-10-03 17:22:59,976 [INFO] Production model accuracy (version 2): 0.8855323819978046
2024-10-03 17:23:06,309 [INFO] New model URI: runs:/d9b7e58e43c34eb8ae7a185150e2654b/model_rf_clf
2024-10-03 17:23:06,623 [ERROR] New model version 4 not promoted as it underperformed compared to the current Production model.
2024-10-04 12:50:22,472 [INFO] Loading data from the database...
2024-10-04 12:50:24,944 [INFO] Start training...
2024-10-04 12:50:53,265 [INFO] Loading production model...
2024-10-04 12:50:53,291 [INFO] Loading model version 2 (tagged as production).
2024-10-04 12:50:58,872 [INFO] Production model accuracy (version 2): 0.8855323819978046
2024-10-04 12:51:07,464 [INFO] New model URI: runs:/b99fb16d4f27481982f0137f099eae67/model_rf_clf
2024-10-04 12:51:07,811 [ERROR] New model version 5 not promoted as it underperformed compared to the current Production model.
2024-10-05 10:18:31,980 [INFO] Loading data from the database...
2024-10-05 10:18:35,374 [INFO] Start training...
2024-10-05 10:19:03,704 [INFO] Loading production model...
2024-10-05 10:19:03,737 [INFO] Loading model version 2 (tagged as production).
2024-10-05 10:19:10,326 [INFO] Production model accuracy (version 2): 0.8855323819978046
2024-10-05 10:19:19,630 [INFO] New model URI: runs:/94ce9569efb245eebff86d4d3feabbad/model_rf_clf
2024-10-05 10:19:19,828 [ERROR] New model version 6 not promoted as it underperformed compared to the current Production model.
2024-10-05 10:21:35,466 [INFO] Loading data from the database...
2024-10-05 10:21:38,190 [INFO] Start training...
2024-10-05 10:22:08,096 [INFO] Loading production model...
2024-10-05 10:22:08,130 [INFO] Loading model version 2 (tagged as production).
2024-10-05 10:22:10,850 [INFO] Production model accuracy (version 2): 0.8855323819978046
2024-10-05 10:22:16,309 [INFO] New model URI: runs:/ec0f68206270476d8bd55154d4781b28/model_rf_clf
2024-10-05 10:22:16,475 [ERROR] New model version 7 not promoted as it underperformed compared to the current Production model.
2024-10-07 10:39:58,107 [INFO] Loading data from the database...
2024-10-07 10:39:58,867 [INFO] Start training...
2024-10-07 10:40:06,484 [INFO] Loading production model...
2024-10-07 10:40:06,512 [ERROR] No model tagged as 'is_production=true' exists for 'model_rf_clf'.
2024-10-07 10:40:06,512 [ERROR] No production model available for comparison.
2024-10-07 10:40:10,815 [INFO] New model URI: runs:/5d3d5b5db32d4b91a643c20a811d57c9/model_rf_clf
2024-10-07 10:40:11,237 [INFO] New model version 1 promoted to Production.
2024-10-09 11:07:45,340 [INFO] Loading data from the database...
2024-10-09 11:07:46,463 [INFO] Start training...
2024-10-09 11:07:53,912 [INFO] Loading production model...
2024-10-09 11:07:53,945 [INFO] Loading model version 1 (tagged as production).
2024-10-09 11:07:59,356 [INFO] Production model accuracy (version 1): 0.7937659683188554
2024-10-09 11:08:04,279 [INFO] New model URI: runs:/818f823ae7da42b3903dca596d2d8e8f/model_rf_clf
2024-10-09 11:08:04,476 [ERROR] New model version 2 not promoted as it underperformed compared to the current Production model.
2024-10-09 11:58:05,746 [INFO] Loading data from the database...
2024-10-09 11:58:08,478 [INFO] Start training...
2024-10-09 11:58:38,731 [INFO] Loading production model...
2024-10-09 11:58:38,756 [INFO] Loading model version 1 (tagged as production).
2024-10-09 11:58:40,251 [INFO] Production model accuracy (version 1): 0.514423710208562
2024-10-09 11:58:45,722 [INFO] New model URI: runs:/5a5042c9341f4e4a91f92e2209362bd6/model_rf_clf
2024-10-09 11:58:46,002 [INFO] New model version 3 promoted to Production.
2024-10-10 11:54:27,046 [INFO] Loading data from the database...
2024-10-10 11:54:28,014 [INFO] Start training...
2024-10-10 11:54:35,475 [INFO] Loading production model...
2024-10-10 11:54:35,501 [INFO] Loading model version 3 (tagged as production).
2024-10-10 11:54:41,748 [INFO] Production model accuracy (version 3): 0.943382728666326
2024-10-10 11:54:45,703 [INFO] New model URI: runs:/7f035dc253d344388873ebcfb3d72ce6/model_rf_clf
2024-10-10 11:54:45,881 [ERROR] New model version 4 not promoted as it underperformed compared to the current Production model.
2024-10-10 11:55:22,158 [INFO] Loading data from the database...
2024-10-10 11:55:22,874 [INFO] Start training...
2024-10-10 11:55:30,191 [INFO] Loading production model...
2024-10-10 11:55:30,223 [INFO] Loading model version 3 (tagged as production).
2024-10-10 11:55:31,534 [INFO] Production model accuracy (version 3): 0.9451256897608828
2024-10-10 11:55:34,965 [INFO] New model URI: runs:/3f468e421f8247e99710aa197b21d4e2/model_rf_clf
2024-10-10 11:55:35,132 [ERROR] New model version 5 not promoted as it underperformed compared to the current Production model.
2024-10-11 09:36:49,616 [INFO] Loading data from the database...
2024-10-11 09:36:50,592 [INFO] Start training...
2024-10-11 09:36:57,449 [INFO] Loading production model...
2024-10-11 09:36:57,473 [ERROR] No model tagged as 'is_production=true' exists for 'model_rf_clf'.
2024-10-11 09:36:57,473 [ERROR] No production model available for comparison.
2024-10-11 09:37:10,927 [INFO] New model URI: runs:/9f484cc790b84e90bd74cfe4360c70b6/model_rf_clf
2024-10-11 09:37:11,367 [INFO] New model version 1 promoted to Production.
2024-10-11 09:38:06,676 [INFO] Loading data from the database...
2024-10-11 09:38:07,383 [INFO] Start training...
2024-10-11 09:38:14,729 [INFO] Loading production model...
2024-10-11 09:38:14,754 [INFO] Loading model version 1 (tagged as production).
2024-10-11 09:38:15,844 [INFO] Production model accuracy (version 1): 0.8839039345937659
2024-10-11 09:38:19,236 [INFO] New model URI: runs:/0d60fc84ceb447c4a9ed32fcb7dc3951/model_rf_clf
2024-10-11 09:38:19,399 [ERROR] New model version 2 not promoted as it underperformed compared to the current Production model.
2024-10-11 09:52:06,232 [INFO] Loading data from the database...
2024-10-11 09:52:06,989 [INFO] Start training...
2024-10-11 09:52:14,587 [INFO] Loading production model...
2024-10-11 09:52:14,613 [INFO] Loading model version 1 (tagged as production).
2024-10-11 09:52:15,806 [INFO] Production model accuracy (version 1): 0.8837351859419698
2024-10-11 09:52:20,829 [INFO] New model URI: runs:/c8662e39e99640c8be9d048cd9236cf0/model_rf_clf
2024-10-11 09:52:20,967 [ERROR] New model version 3 not promoted as it underperformed compared to the current Production model.
2024-10-11 10:15:35,419 [INFO] Loading data from the database...
2024-10-11 10:15:36,275 [INFO] Start training...
2024-10-11 10:15:43,850 [INFO] Loading production model...
2024-10-11 10:15:43,880 [ERROR] No model tagged as 'is_production=true' exists for 'model_rf_clf'.
2024-10-11 10:15:43,880 [ERROR] No production model available for comparison.
2024-10-11 10:15:48,248 [INFO] New model URI: runs:/9fcee4f139664e60a79416e2f51b389f/model_rf_clf
2024-10-11 10:15:48,922 [INFO] New model version 1 promoted to Production.
2024-10-11 10:16:58,442 [INFO] Loading data from the database...
2024-10-11 10:16:59,199 [INFO] Start training...
2024-10-11 10:17:07,233 [INFO] Loading production model...
2024-10-11 10:17:07,258 [INFO] Loading model version 1 (tagged as production).
2024-10-11 10:17:08,730 [INFO] Production model accuracy (version 1): 0.8105263157894737
2024-10-11 10:17:16,725 [INFO] New model URI: runs:/f378d48da503474ea914aeef8ca58947/model_rf_clf
2024-10-11 10:17:16,904 [ERROR] New model version 2 not promoted as it underperformed compared to the current Production model.
